<?xml version="1.0" encoding="UTF-8"?>
<!-- Generated by org.testng.reporters.JUnitXMLReporter -->
<testsuite hostname="Sathvik" name="Default test" tests="3" failures="0" timestamp="26 Apr 2022 02:38:59 GMT" time="17.918" errors="0">
  <testcase name="openFacebook" time="6.622" classname="org.Deleteallclases.ExtendReport"/>
  <testcase name="openGoogle" time="3.248" classname="org.Deleteallclases.ExtendReport"/>
  <testcase name="openWiki" time="8.007" classname="org.Deleteallclases.ExtendReport"/>
</testsuite> <!-- Default test -->
