<?xml version="1.0" encoding="UTF-8"?>
<!-- Generated by org.testng.reporters.JUnitXMLReporter -->
<testsuite hostname="Sathvik" name="sangar test" tests="4" failures="0" timestamp="25 Apr 2022 02:58:08 GMT" time="51.274" errors="0">
  <testcase name="BothIncorrect" time="14.969" classname="org.allclasses.BothIncorrect"/>
  <testcase name="bothcorrect" time="13.496" classname="org.allclasses.CorrectUsername"/>
  <testcase name="CorrectUserWrongPass" time="11.727" classname="org.allclasses.CorrectUserWrongPass"/>
  <testcase name="WrongUserCorrectPass" time="10.958" classname="org.allclasses.WrongUserCorrectPass"/>
</testsuite> <!-- sangar test -->
